--------------------------------------------------------------------------------------------------------------------------------------------------------------------------------------------------] 23/10809
<--- Last few GCs --->

[31462:0x4d73b70]   156252 ms: Mark-sweep 485.1 (502.9) -> 482.3 (502.6) MB, 667.8 / 0.0 ms  (average mu = 0.650, current mu = 0.216) task scavenge might not succeed
[31462:0x4d73b70]   157016 ms: Mark-sweep 486.7 (502.9) -> 484.8 (506.1) MB, 722.9 / 0.0 ms  (average mu = 0.478, current mu = 0.054) allocation failure scavenge might not succeed


<--- JS stacktrace --->

FATAL ERROR: Reached heap limit Allocation failed - JavaScript heap out of memory
 1: 0xb12b00 node::Abort() [node]
 2: 0xa2fe25 node::FatalError(char const*, char const*) [node]
 3: 0xcf8a9e v8::Utils::ReportOOMFailure(v8::internal::Isolate*, char const*, bool) [node]
 4: 0xcf8e17 v8::internal::V8::FatalProcessOutOfMemory(v8::internal::Isolate*, char const*, bool) [node]
 5: 0xee2d65  [node]
 6: 0xef1ae1 v8::internal::Heap::CollectGarbage(v8::internal::AllocationSpace, v8::internal::GarbageCollectionReason, v8::GCCallbackFlags) [node]
 7: 0xef4d3c v8::internal::Heap::AllocateRawWithRetryOrFailSlowPath(int, v8::internal::AllocationType, v8::internal::AllocationOrigin, v8::internal::AllocationAlignment) [node]
 8: 0xeb8be5 v8::internal::Factory::AllocateRaw(int, v8::internal::AllocationType, v8::internal::AllocationAlignment) [node]
 9: 0xeb1754 v8::internal::FactoryBase<v8::internal::Factory>::AllocateRawWithImmortalMap(int, v8::internal::AllocationType, v8::internal::Map, v8::internal::AllocationAlignment) [node]
10: 0xeb36c0 v8::internal::FactoryBase<v8::internal::Factory>::NewRawOneByteString(int, v8::internal::AllocationType) [node]
11: 0x112af58 v8::internal::String::SlowFlatten(v8::internal::Isolate*, v8::internal::Handle<v8::internal::ConsString>, v8::internal::AllocationType) [node]
12: 0x126ba06 v8::internal::Runtime_StringCharCodeAt(int, unsigned long*, v8::internal::Isolate*) [node]
13: 0x160c479  [node]
Aborted



o fsevents@1.2.13: The platform "linux" is incompatible with this module.
info "fsevents@1.2.13" is an optional dependency and failed compatibility check. Excluding it from installation.
info fsevents@2.3.2: The platform "linux" is incompatible with this module.
info "fsevents@2.3.2" is an optional dependency and failed compatibility check. Excluding it from installation.
[3/4] Linking dependencies...
warning "@typescript-eslint/eslint-plugin > tsutils@3.20.0" has unmet peer dependency "typescript@>=2.8.0 || >= 3.2.0-dev || >= 3.3.0-dev || >= 3.4.0-dev || >= 3.5.0-dev || >= 3.6.0-dev || >= 3.6.0-beta || >= 3.7.0-dev || >= 3.7.0-beta".
warning "lerna > @lerna/version > @lerna/github-client > @octokit/rest > @octokit/plugin-request-log@1.0.3" has unmet peer dependency "@octokit/core@>=3".
warning " > react-swipeable@6.0.0" has unmet peer dependency "react@^16.8.3 || ^17".
warning " > react-beautiful-dnd@13.0.0" has unmet peer dependency "react@^16.8.5".
warning " > react-beautiful-dnd@13.0.0" has unmet peer dependency "react-dom@^16.8.5".
warning " > react-device-detect@1.14.0" has unmet peer dependency "react@^0.14.0 || ^15.0.0 || ^16.0.0".
warning " > react-device-detect@1.14.0" has unmet peer dependency "react-dom@^0.14.0 || ^15.0.0 || ^16.0.0".
warning " > react-tag-autocomplete@6.1.0" has unmet peer dependency "prop-types@^15.5.0".
warning " > react-tag-autocomplete@6.1.0" has unmet peer dependency "react@^16.5.0".
warning " > react-tag-autocomplete@6.1.0" has unmet peer dependency "react-dom@^16.5.0".
warning " > swagger-ui-express@4.1.4" has unmet peer dependency "express@>=4.0.0".
warning " > use-comments@1.0.1" has unmet peer dependency "react@*".
warning " > use-http@1.0.15" has unmet peer dependency "react@^16.13.1".
warning " > use-http@1.0.15" has unmet peer dependency "react-dom@^16.13.1".
warning "workspace-aggregator-c11edad2-51ad-4176-9ee7-6cb8d2fb369e > @bigfatsoftware/atomic > @storybook/addon-actions@3.4.12" has unmet peer dependency "@storybook/addons@^3.3.0".
warning "workspace-aggregator-c11edad2-51ad-4176-9ee7-6cb8d2fb369e > @bigfatsoftware/atomic > @storybook/addon-links@3.4.12" has unmet peer dependency "@storybook/addons@^3.3.0".
warning "workspace-aggregator-c11edad2-51ad-4176-9ee7-6cb8d2fb369e > @bigfatsoftware/atomic > @storybook/react@3.4.12" has unmet peer dependency "babel-core@^6.26.0 || ^7.0.0-0".
warning "workspace-aggregator-c11edad2-51ad-4176-9ee7-6cb8d2fb369e > @bigfatsoftware/atomic > @storybook/react@3.4.12" has unmet peer dependency "babel-runtime@>=6.0.0".
warning "workspace-aggregator-c11edad2-51ad-4176-9ee7-6cb8d2fb369e > @bigfatsoftware/atomic > babel-loader@7.1.5" has unmet peer dependency "babel-core@6".
warning "workspace-aggregator-c11edad2-51ad-4176-9ee7-6cb8d2fb369e > @bigfatsoftware/atomic > eslint-config-cheesecakelabs@2.0.4" has incorrect peer dependency "babel-eslint@^7.2.3".
warning "workspace-aggregator-c11edad2-51ad-4176-9ee7-6cb8d2fb369e > @bigfatsoftware/atomic > svgo-loader@1.2.1" has unmet peer dependency "svgo@>=0.4.0".
warning "workspace-aggregator-c11edad2-51ad-4176-9ee7-6cb8d2fb369e > @bigfatsoftware/congenial-doodle > @firebase/analytics@0.5.0" has unmet peer dependency "@firebase/app-types@0.x".
warning "workspace-aggregator-c11edad2-51ad-4176-9ee7-6cb8d2fb369e > @bigfatsoftware/congenial-doodle > @firebase/firestore@1.16.7" has unmet peer dependency "@firebase/app-types@0.x".
warning "workspace-aggregator-c11edad2-51ad-4176-9ee7-6cb8d2fb369e > react-swipeable > rollup-plugin-babel@4.4.0" has unmet peer dependency "@babel/core@7 || ^7.0.0-rc.2".
warning "workspace-aggregator-c11edad2-51ad-4176-9ee7-6cb8d2fb369e > @bigfatsoftware/halo > @testing-library/user-event@12.8.3" has unmet peer dependency "@testing-library/dom@>=7.21.4".
warning "workspace-aggregator-c11edad2-51ad-4176-9ee7-6cb8d2fb369e > @bigfatsoftware/mycra > bootstrap@4.6.0" has unmet peer dependency "popper.js@^1.16.1".
warning "workspace-aggregator-c11edad2-51ad-4176-9ee7-6cb8d2fb369e > @bigfatsoftware/mycra > react-datetime@3.0.4" has incorrect peer dependency "react@^16.5.0".
warning "workspace-aggregator-c11edad2-51ad-4176-9ee7-6cb8d2fb369e > @bigfatsoftware/mycra > recharts@1.8.5" has incorrect peer dependency "react@^15.0.0 || ^16.0.0".
warning "workspace-aggregator-c11edad2-51ad-4176-9ee7-6cb8d2fb369e > @bigfatsoftware/mycra > recharts@1.8.5" has incorrect peer dependency "react-dom@^15.0.0 || ^16.0.0".
warning "workspace-aggregator-c11edad2-51ad-4176-9ee7-6cb8d2fb369e > @bigfatsoftware/mycra > babel-loader@8.2.2" has unmet peer dependency "webpack@>=2".
warning "workspace-aggregator-c11edad2-51ad-4176-9ee7-6cb8d2fb369e > @bigfatsoftware/mycra > eslint-plugin-prettier@3.4.0" has unmet peer dependency "prettier@>=1.13.0".
warning "workspace-aggregator-c11edad2-51ad-4176-9ee7-6cb8d2fb369e > @bigfatsoftware/mycra > sass-loader@10.1.1" has unmet peer dependency "webpack@^4.36.0 || ^5.0.0".
warning "workspace-aggregator-c11edad2-51ad-4176-9ee7-6cb8d2fb369e > react-beautiful-dnd > @atlaskit/theme@9.5.6" has incorrect peer dependency "styled-components@^3.2.6".
warning "workspace-aggregator-c11edad2-51ad-4176-9ee7-6cb8d2fb369e > react-beautiful-dnd > rollup-plugin-size-snapshot@0.11.0" has incorrect peer dependency "rollup@^1.20.0".
warning "workspace-aggregator-c11edad2-51ad-4176-9ee7-6cb8d2fb369e > react-beautiful-dnd > styled-components@5.1.0" has unmet peer dependency "react-is@>= 16.8.0".
warning "workspace-aggregator-c11edad2-51ad-4176-9ee7-6cb8d2fb369e > my-app > tailwindcss@2.1.1" has unmet peer dependency "autoprefixer@^10.0.2".
warning "workspace-aggregator-c11edad2-51ad-4176-9ee7-6cb8d2fb369e > my-app > tailwindcss@2.1.1" has unmet peer dependency "postcss@^8.0.9".
warning "workspace-aggregator-c11edad2-51ad-4176-9ee7-6cb8d2fb369e > my-app > babel-loader@8.1.0" has unmet peer dependency "webpack@>=2".
warning "workspace-aggregator-c11edad2-51ad-4176-9ee7-6cb8d2fb369e > use-comments > @mdx-js/react@1.6.22" has unmet peer dependency "react@^16.13.1 || ^17.0.0".
warning "workspace-aggregator-c11edad2-51ad-4176-9ee7-6cb8d2fb369e > use-comments > gatsby@2.32.12" has unmet peer dependency "react@^16.4.2 || ^17.0.0".
warning "workspace-aggregator-c11edad2-51ad-4176-9ee7-6cb8d2fb369e > use-comments > gatsby-plugin-theme-ui@0.4.0-rc.7" has incorrect peer dependency "theme-ui@^0.3.0".
warning "workspace-aggregator-c11edad2-51ad-4176-9ee7-6cb8d2fb369e > use-comments > react-hamburger-menu@1.2.1" has unmet peer dependency "prop-types@>=15.5.7".
warning "workspace-aggregator-c11edad2-51ad-4176-9ee7-6cb8d2fb369e > use-comments > react-hamburger-menu@1.2.1" has unmet peer dependency "react@>=15.3.0".
warning "workspace-aggregator-c11edad2-51ad-4176-9ee7-6cb8d2fb369e > use-comments > react-helmet@6.1.0" has unmet peer dependency "react@>=16.3.0".
warning "workspace-aggregator-c11edad2-51ad-4176-9ee7-6cb8d2fb369e > use-comments > react-toggle-dark-mode@1.0.4" has unmet peer dependency "react@>=16".
warning "workspace-aggregator-c11edad2-51ad-4176-9ee7-6cb8d2fb369e > use-comments > theme-ui@0.4.0-rc.14" has unmet peer dependency "react@^16.11.0".
warning "workspace-aggregator-c11edad2-51ad-4176-9ee7-6cb8d2fb369e > webpack-boilerplate > postcss-loader@4.2.0" has unmet peer dependency "postcss@^7.0.0 || ^8.0.1".
warning "workspace-aggregator-c11edad2-51ad-4176-9ee7-6cb8d2fb369e > webpack-boilerplate > prettier-webpack-plugin@1.2.0" has incorrect peer dependency "prettier@^1.0.0".
warning "workspace-aggregator-c11edad2-51ad-4176-9ee7-6cb8d2fb369e > webpack-boilerplate > prettier-webpack-plugin@1.2.0" has incorrect peer dependency "webpack@^4.2.0".
warning "workspace-aggregator-c11edad2-51ad-4176-9ee7-6cb8d2fb369e > @bigfatsoftware/atomic > eslint-config-cheesecakelabs > eslint-config-airbnb@15.1.0" has incorrect peer dependency "eslint-plugin-jsx-a11y@^5.1.1".
warning "workspace-aggregator-c11edad2-51ad-4176-9ee7-6cb8d2fb369e > @bigfatsoftware/congenial-doodle > @firebase/analytics > @firebase/installations@0.4.17" has unmet peer dependency "@firebase/app-types@0.x".
warning "workspace-aggregator-c11edad2-51ad-4176-9ee7-6cb8d2fb369e > @bigfatsoftware/congenial-doodle > @firebase/auth > @firebase/auth-types@0.10.1" has unmet peer dependency "@firebase/app-types@0.x".
warning "workspace-aggregator-c11edad2-51ad-4176-9ee7-6cb8d2fb369e > @bigfatsoftware/congenial-doodle > @firebase/auth > @firebase/auth-types@0.10.1" has unmet peer dependency "@firebase/util@0.x".
warning "workspace-aggregator-c11edad2-51ad-4176-9ee7-6cb8d2fb369e > @bigfatsoftware/congenial-doodle > @firebase/firestore > @firebase/firestore-types@1.12.1" has unmet peer dependency "@firebase/app-types@0.x".
warning "workspace-aggregator-c11edad2-51ad-4176-9ee7-6cb8d2fb369e > react-swipeable > microbundle > @rollup/plugin-commonjs@13.0.2" has incorrect peer dependency "rollup@^2.3.4".
warning "workspace-aggregator-c11edad2-51ad-4176-9ee7-6cb8d2fb369e > @bigfatsoftware/mycra > recharts > react-resize-detector@2.3.0" has incorrect peer dependency "react@^0.14.7 || ^15.0.0 || ^16.0.0".
warning "workspace-aggregator-c11edad2-51ad-4176-9ee7-6cb8d2fb369e > @bigfatsoftware/mycra > recharts > react-smooth@1.0.6" has incorrect peer dependency "react@^15.0.0 || ^16.0.0".
warning "workspace-aggregator-c11edad2-51ad-4176-9ee7-6cb8d2fb369e > @bigfatsoftware/mycra > recharts > react-smooth@1.0.6" has incorrect peer dependency "react-dom@^15.0.0 || ^16.0.0".
warning "workspace-aggregator-c11edad2-51ad-4176-9ee7-6cb8d2fb369e > react-beautiful-dnd > storybook-addon-performance > @storybook/api@5.3.21" has unmet peer dependency "regenerator-runtime@*".
warning "workspace-aggregator-c11edad2-51ad-4176-9ee7-6cb8d2fb369e > my-app > tailwindcss > postcss-nested@5.0.5" has unmet peer dependency "postcss@^8.1.13".
warning "workspace-aggregator-c11edad2-51ad-4176-9ee7-6cb8d2fb369e > use-comments > @theme-ui/prism > prism-react-renderer@1.2.0" has unmet peer dependency "react@>=0.14.9".
warning "workspace-aggregator-c11edad2-51ad-4176-9ee7-6cb8d2fb369e > use-comments > gatsby > @reach/router@1.3.4" has unmet peer dependency "react@15.x || 16.x || 16.4.0-alpha.0911da3".
warning "workspace-aggregator-c11edad2-51ad-4176-9ee7-6cb8d2fb369e > use-comments > gatsby > gatsby-link@2.11.0" has unmet peer dependency "react@^16.4.2 || ^17.0.0".
warning "workspace-aggregator-c11edad2-51ad-4176-9ee7-6cb8d2fb369e > use-comments > gatsby > gatsby-react-router-scroll@3.7.0" has unmet peer dependency "react@^16.4.2 || ^17.0.0".
warning "workspace-aggregator-c11edad2-51ad-4176-9ee7-6cb8d2fb369e > use-comments > gatsby > react-hot-loader@4.13.0" has unmet peer dependency "react@^15.0.0 || ^16.0.0 || ^17.0.0 ".
warning "workspace-aggregator-c11edad2-51ad-4176-9ee7-6cb8d2fb369e > use-comments > react-helmet > react-side-effect@2.1.1" has unmet peer dependency "react@^16.3.0 || ^17.0.0".
warning "workspace-aggregator-c11edad2-51ad-4176-9ee7-6cb8d2fb369e > use-comments > react-live > react-simple-code-editor@0.10.0" has unmet peer dependency "react@^16.0.0".
warning "workspace-aggregator-c11edad2-51ad-4176-9ee7-6cb8d2fb369e > use-comments > theme-ui > @theme-ui/color-modes@0.4.0-rc.14" has unmet peer dependency "react@^16.11.0".
warning "workspace-aggregator-c11edad2-51ad-4176-9ee7-6cb8d2fb369e > use-comments > theme-ui > @theme-ui/components@0.4.0-rc.13" has unmet peer dependency "react@^16.8.0".
warning "workspace-aggregator-c11edad2-51ad-4176-9ee7-6cb8d2fb369e > use-comments > theme-ui > @theme-ui/core@0.4.0-rc.13" has unmet peer dependency "react@^16.11.0".
warning "workspace-aggregator-c11edad2-51ad-4176-9ee7-6cb8d2fb369e > use-comments > theme-ui > @theme-ui/mdx@0.4.0-rc.13" has unmet peer dependency "react@^16.11.0".
warning "workspace-aggregator-c11edad2-51ad-4176-9ee7-6cb8d2fb369e > use-comments > theme-ui > @theme-ui/theme-provider@0.4.0-rc.14" has unmet peer dependency "react@^16.11.0".
warning "workspace-aggregator-c11edad2-51ad-4176-9ee7-6cb8d2fb369e > @bigfatsoftware/congenial-doodle > @firebase/analytics > @firebase/installations > @firebase/installations-types@0.3.4" has unmet peer dependency "@firebase/app-types@0.x".
warning "workspace-aggregator-c11edad2-51ad-4176-9ee7-6cb8d2fb369e > @bigfatsoftware/congenial-doodle > firebase-admin > @firebase/database > @firebase/auth-interop-types@0.1.5" has unmet peer dependency "@firebase/app-types@0.x".
warning "workspace-aggregator-c11edad2-51ad-4176-9ee7-6cb8d2fb369e > use-comments > gatsby > @reach/router > create-react-context@0.3.0" has unmet peer dependency "react@^0.14.0 || ^15.0.0 || ^16.0.0".
warning "workspace-aggregator-c11edad2-51ad-4176-9ee7-6cb8d2fb369e > use-comments > react-toggle-dark-mode > react-spring > @react-spring/core@9.1.1" has unmet peer dependency "react@>=16.8".
warning "workspace-aggregator-c11edad2-51ad-4176-9ee7-6cb8d2fb369e > use-comments > react-toggle-dark-mode > react-spring > @react-spring/konva@9.1.1" has unmet peer dependency "konva@>=2.6".
warning "workspace-aggregator-c11edad2-51ad-4176-9ee7-6cb8d2fb369e > use-comments > react-toggle-dark-mode > react-spring > @react-spring/konva@9.1.1" has unmet peer dependency "react@>=16.8".
warning "workspace-aggregator-c11edad2-51ad-4176-9ee7-6cb8d2fb369e > use-comments > react-toggle-dark-mode > react-spring > @react-spring/konva@9.1.1" has unmet peer dependency "react-konva@>=16.8".
warning "workspace-aggregator-c11edad2-51ad-4176-9ee7-6cb8d2fb369e > use-comments > react-toggle-dark-mode > react-spring > @react-spring/native@9.1.1" has unmet peer dependency "react@>=16.8".
warning "workspace-aggregator-c11edad2-51ad-4176-9ee7-6cb8d2fb369e > use-comments > react-toggle-dark-mode > react-spring > @react-spring/native@9.1.1" has unmet peer dependency "react-native@>=0.58".
warning "workspace-aggregator-c11edad2-51ad-4176-9ee7-6cb8d2fb369e > use-comments > react-toggle-dark-mode > react-spring > @react-spring/three@9.1.1" has unmet peer dependency "@react-three/fiber@>=6.0".
warning "workspace-aggregator-c11edad2-51ad-4176-9ee7-6cb8d2fb369e > use-comments > react-toggle-dark-mode > react-spring > @react-spring/three@9.1.1" has unmet peer dependency "react@>=16.11".
warning "workspace-aggregator-c11edad2-51ad-4176-9ee7-6cb8d2fb369e > use-comments > react-toggle-dark-mode > react-spring > @react-spring/three@9.1.1" has unmet peer dependency "three@>=0.126".
warning "workspace-aggregator-c11edad2-51ad-4176-9ee7-6cb8d2fb369e > use-comments > react-toggle-dark-mode > react-spring > @react-spring/web@9.1.1" has unmet peer dependency "react@>=16.8".
warning "workspace-aggregator-c11edad2-51ad-4176-9ee7-6cb8d2fb369e > use-comments > react-toggle-dark-mode > react-spring > @react-spring/zdog@9.1.1" has unmet peer dependency "react@>=16.8".
warning "workspace-aggregator-c11edad2-51ad-4176-9ee7-6cb8d2fb369e > use-comments > react-toggle-dark-mode > react-spring > @react-spring/zdog@9.1.1" has unmet peer dependency "react-zdog@>=1.0".
warning "workspace-aggregator-c11edad2-51ad-4176-9ee7-6cb8d2fb369e > use-comments > react-toggle-dark-mode > react-spring > @react-spring/zdog@9.1.1" has unmet peer dependency "zdog@>=1.0".
warning "workspace-aggregator-c11edad2-51ad-4176-9ee7-6cb8d2fb369e > use-comments > react-toggle-dark-mode > react-spring > @react-spring/core > @react-spring/animated@9.1.1" has unmet peer dependency "react@>=16.8".
warning "workspace-aggregator-c11edad2-51ad-4176-9ee7-6cb8d2fb369e > use-comments > react-toggle-dark-mode > react-spring > @react-spring/core > @react-spring/shared@9.1.1" has unmet peer dependency "react@>=16.8".
warning Workspaces can only be enabled in private projects.
